Script started on 2024-11-21 13:29:10+08:00 [TERM="xterm-256color" TTY="/dev/pts/3" COLUMNS="214" LINES="18"]
[?2004h]0;zdp@localhost: /tmp/build/pcc[01;32mzdp@localhost[00m:[01;34m/tmp/build/pcc[00m$ exit./doca_pcc -d mlx5_0
[?2004lInfo: Welcome to DOCA Programable Congestion Control (PCC) application
Info: Starting DOCA PCC
/  5/doca_pcc_dev_user_init, disable_event_bitmask=0x20
format 0 - user init: port num = 0, algo index = 0, algo slot = 0, algo enable = 0x1, disable event bitmask = 0x20
format 0 - user init: port num = 0x1, algo index = 0, algo slot = 0, algo enable = 0x1, disable event bitmask = 0x20
format 0 - user init: port num = 0x2, algo index = 0, algo slot = 0, algo enable = 0x1, disable event bitmask = 0x20
format 0 - user init: port num = 0x3, algo index = 0, algo slot = 0, algo enable = 0x1, disable event bitmask = 0x20
Info: Press ctrl + C to exit
Info: PCC host status Active
Info: Waiting on DOCA PCC
Info: PCC host status Active
Info: Waiting on DOCA PCC
/  5/low RTT: 4278
/  5/low RTT: 3696
/  5/low RTT: 3252
/  5/low RTT: 3474
/  5/low RTT: 3264
/  5/low RTT: 4520
/  5/low RTT: 3278
/  5/low RTT: 4526
/  5/low RTT: 3292
/  5/low RTT: 3500
/  5/low RTT: 3270
/  5/low RTT: 4624
/  5/low RTT: 3264
/  5/low RTT: 4524
/  5/low RTT: 3282
/  5/low RTT: 4466
/  5/low RTT: 3262
/  5/low RTT: 3252
/  5/low RTT: 5238
/  5/low RTT: 3458
/  5/low RTT: 3496
/  5/low RTT: 3266
/  5/low RTT: 3482
/  5/low RTT: 3290
/  5/low RTT: 4606
/  5/low RTT: 3258
/  5/low RTT: 4596
/  5/low RTT: 3254
/  5/low RTT: 3492
/  5/low RTT: 3276
/  5/low RTT: 4626
/  5/low RTT: 3250
/  5/low RTT: 4778
/  5/low RTT: 3280
/  5/low RTT: 3254
/  5/low RTT: 3472
/  5/low RTT: 3272
/  5/low RTT: 4518
/  5/low RTT: 3274
/  5/low RTT: 4612
/  5/low RTT: 4444
/  5/low RTT: 3472
/  5/low RTT: 3250
/  5/low RTT: 4602
/  5/low RTT: 3260
/  5/low RTT: 4626
/  5/low RTT: 3276
/  5/low RTT: 3454
/  5/low RTT: 4528
/  5/low RTT: 3248
/  5/low RTT: 3480
/  5/low RTT: 3276
/  5/low RTT: 3492
/  5/low RTT: 3300
/  5/low RTT: 4624
/  5/low RTT: 3272
/  5/low RTT: 4620
/  5/low RTT: 3276
/  5/low RTT: 4640
/  5/low RTT: 3262
/  5/low RTT: 4498
/  5/low RTT: 3268
/  5/low RTT: 3260
/  5/low RTT: 3606
/  5/low RTT: 3274
/  5/low RTT: 3470
/  5/low RTT: 3268
/  5/low RTT: 4600
/  5/low RTT: 3262
/  5/low RTT: 3274
/  5/low RTT: 3478
/  5/low RTT: 3294
/  5/low RTT: 3504
/  5/low RTT: 3242
/  5/low RTT: 4528
/  5/low RTT: 3284
/  5/low RTT: 4526
/  5/low RTT: 3288
/  5/low RTT: 4610
/  5/low RTT: 3282
/  5/low RTT: 3284
/  5/low RTT: 4532
/  5/low RTT: 3284
/  5/low RTT: 4636
/  5/low RTT: 3284
/  5/low RTT: 3290
/  5/low RTT: 3498
/  5/low RTT: 3260
/  5/low RTT: 4448
/  5/low RTT: 3488
/  5/low RTT: 3486
/  5/low RTT: 3274
/  5/low RTT: 3492
/  5/low RTT: 3276
/  5/low RTT: 4532
/  5/low RTT: 3266
/  5/low RTT: 4610
/  5/low RTT: 3254
/  5/low RTT: 3268
/  5/low RTT: 3504
/  5/low RTT: 3276
/  5/low RTT: 4522
/  5/low RTT: 3256
/  5/low RTT: 4624
/  5/low RTT: 4430
/  5/low RTT: 3488
/  5/low RTT: 3284
/  5/low RTT: 4608
/  5/low RTT: 3270
/  5/low RTT: 3254
/  5/low RTT: 3506
/  5/low RTT: 3258
/  5/low RTT: 4632
/  5/low RTT: 3278
/  5/low RTT: 3260
/  5/low RTT: 3496
/  5/low RTT: 3280
/  5/low RTT: 3496
/  5/low RTT: 3256
/  5/low RTT: 4584
/  5/low RTT: 3274
/  5/low RTT: 4584
/  5/low RTT: 3272
/  5/low RTT: 4602
/  5/low RTT: 3260
/  5/low RTT: 3278
/  5/low RTT: 4506
/  5/low RTT: 3244
/  5/low RTT: 4518
/  5/low RTT: 3116
/  5/low RTT: 3250
/  5/low RTT: 4518
/  5/low RTT: 3250
/  5/low RTT: 3486
/  5/low RTT: 3256
/  5/low RTT: 4786
/  5/low RTT: 3254
/  5/low RTT: 3268
/  5/low RTT: 3506
/  5/low RTT: 3272
/  5/low RTT: 3486
/  5/low RTT: 3262
/  5/low RTT: 4626
/  5/low RTT: 3278
/  5/low RTT: 4620
/  5/low RTT: 3296
/  5/low RTT: 3474
/  5/low RTT: 3294
/  5/low RTT: 3246
/  5/low RTT: 4546
/  5/low RTT: 3274
/  5/low RTT: 4528
/  5/low RTT: 3254
/  5/low RTT: 3472
/  5/low RTT: 3274
/  5/low RTT: 3248
/  5/low RTT: 4432
/  5/low RTT: 3498
/  5/low RTT: 3486
/  5/low RTT: 3256
/  5/low RTT: 3480
/  5/low RTT: 3288
/  5/low RTT: 4638
/  5/low RTT: 3276
/  5/low RTT: 4352
/  5/low RTT: 3468
/  5/low RTT: 3280
/  5/low RTT: 3490
/  5/low RTT: 3256
/  5/low RTT: 4510
/  5/low RTT: 3266
/  5/low RTT: 4600
/  5/low RTT: 3260
/  5/low RTT: 3280
/  5/low RTT: 3496
/  5/low RTT: 3252
/  5/low RTT: 3498
/  5/low RTT: 3244
/  5/low RTT: 3598
/  5/low RTT: 3270
/  5/low RTT: 4504
/  5/low RTT: 3244
/  5/low RTT: 4528
/  5/low RTT: 3262
/  5/low RTT: 4602
/  5/low RTT: 3264
/  5/low RTT: 3262
/  5/low RTT: 4518
/  5/low RTT: 3278
/  5/low RTT: 4498
/  5/low RTT: 3280
/  5/low RTT: 3496
/  5/low RTT: 3250
/  5/low RTT: 4580
/  5/low RTT: 3248
/  5/low RTT: 4608
/  5/low RTT: 3242
/  5/low RTT: 4516
/  5/low RTT: 3264
/  5/low RTT: 3256
/  5/low RTT: 4516
/  5/low RTT: 3282
/  5/low RTT: 4628
/  5/low RTT: 3290
/  5/low RTT: 3248
/  5/low RTT: 3464
/  5/low RTT: 3266
/  5/low RTT: 4514
/  5/low RTT: 3250
/  5/low RTT: 3472
/  5/low RTT: 3280
/  5/low RTT: 3500
/  5/low RTT: 3272
/  5/low RTT: 4616
/  5/low RTT: 3266
/  5/low RTT: 4600
/  5/low RTT: 3254
/  5/low RTT: 3274
/  5/low RTT: 3490
/  5/low RTT: 3260
/  5/low RTT: 4620
/  5/low RTT: 3278
/  5/low RTT: 4840
/  5/low RTT: 3258
/  5/low RTT: 3272
/  5/low RTT: 3486
/  5/low RTT: 3276
/  5/low RTT: 4406
/  5/low RTT: 3482
/  5/low RTT: 3472
/  5/low RTT: 3268
/  5/low RTT: 3494
/  5/low RTT: 3266
/  5/low RTT: 4620
/  5/low RTT: 3272
/  5/low RTT: 3292
/  5/low RTT: 3474
/  5/low RTT: 3262
/  5/low RTT: 4534
/  5/low RTT: 3286
/  5/low RTT: 4632
/  5/low RTT: 3284
/  5/low RTT: 4618
/  5/low RTT: 3258
/  5/low RTT: 4588
/  5/low RTT: 3250
/  5/low RTT: 4476
/  5/low RTT: 3282
/  5/low RTT: 3258
/  5/low RTT: 3502
/  5/low RTT: 3254
/  5/low RTT: 4620
/  5/low RTT: 3258
/  5/low RTT: 3290
/  5/low RTT: 3498
/  5/low RTT: 3282
/  5/low RTT: 3474
/  5/low RTT: 3278
/  5/low RTT: 4506
/  5/low RTT: 3276
/  5/low RTT: 4496
/  5/low RTT: 3262
/  5/low RTT: 3500
/  5/low RTT: 3284
/  5/low RTT: 4540
/  5/low RTT: 3246
/  5/low RTT: 3264
/  5/low RTT: 3464
/  5/low RTT: 3254
/  5/low RTT: 3462
/  5/low RTT: 3278
/  5/low RTT: 4596
/  5/low RTT: 3280
/  5/low RTT: 3284
/  5/low RTT: 3506
/  5/low RTT: 3274
/  5/low RTT: 3482
/  5/low RTT: 3258
/  5/low RTT: 4504
/  5/low RTT: 3272
/  5/low RTT: 4534
/  5/low RTT: 3240
/  5/low RTT: 4804
/  5/low RTT: 3248
/  5/low RTT: 3278
/  5/low RTT: 4522
/  5/low RTT: 3250
/  5/low RTT: 3514
/  5/low RTT: 3282
/  5/low RTT: 3490
/  5/low RTT: 3244
/  5/low RTT: 4610
/  5/low RTT: 3276
/  5/low RTT: 4620
/  5/low RTT: 3236
/  5/low RTT: 3264
/  5/low RTT: 4520
/  5/low RTT: 3242
/  5/low RTT: 4522
/  5/low RTT: 3258
/  5/low RTT: 4606
/  5/low RTT: 3264
/  5/low RTT: 3288
/  5/low RTT: 3502
/  5/low RTT: 3286
/  5/low RTT: 3484
/  5/low RTT: 3258
/  5/low RTT: 3466
/  5/low RTT: 3248
/  5/low RTT: 4540
/  5/low RTT: 3278
/  5/low RTT: 4504
/  5/low RTT: 3276
/  5/low RTT: 3264
/  5/low RTT: 3460
/  5/low RTT: 3292
/  5/low RTT: 4524
/  5/low RTT: 3268
/  5/low RTT: 3482
/  5/low RTT: 3264
/  5/low RTT: 3466
/  5/low RTT: 3262
/  5/low RTT: 4628
/  5/low RTT: 3250
/  5/low RTT: 4630
/  5/low RTT: 3258
/  5/low RTT: 3274
/  5/low RTT: 3498
/  5/low RTT: 3258
/  5/low RTT: 4516
/  5/low RTT: 3266
/  5/low RTT: 4594
/  5/low RTT: 3284
/  5/low RTT: 3276
/  5/low RTT: 3502
/  5/low RTT: 3256
/  5/low RTT: 4520
/  5/low RTT: 3244
/  5/low RTT: 3488
/  5/low RTT: 3250
/  5/low RTT: 3592
/  5/low RTT: 3278
/  5/low RTT: 4592
/  5/low RTT: 3284
/  5/low RTT: 3282
/  5/low RTT: 3476
/  5/low RTT: 3248
/  5/low RTT: 3516
/  5/low RTT: 3254
/  5/low RTT: 4618
/  5/low RTT: 3268
/  5/low RTT: 3250
/  5/low RTT: 3502
/  5/low RTT: 3260
/  5/low RTT: 3464
/  5/low RTT: 3252
/  5/low RTT: 3504
/  5/low RTT: 3252
/  5/low RTT: 3500
/  5/low RTT: 3258
/  5/low RTT: 4634
/  5/low RTT: 3288
/  5/low RTT: 3256
/  5/low RTT: 3474
/  5/low RTT: 3282
/  5/low RTT: 3470
/  5/low RTT: 3272
/  5/low RTT: 3498
/  5/low RTT: 3272
/  5/low RTT: 4598
/  5/low RTT: 3278
/  5/low RTT: 4618
/  5/low RTT: 3254
/  5/low RTT: 4616
/  5/low RTT: 3292
/  5/low RTT: 3254
/  5/low RTT: 4540
/  5/low RTT: 3486
/  5/low RTT: 4606
/  5/low RTT: 3280
/  5/low RTT: 3240
/  5/low RTT: 3492
/  5/low RTT: 3274
/  5/low RTT: 3482
/  5/low RTT: 3246
/  5/low RTT: 3482
/  5/low RTT: 3276
/  5/low RTT: 4622
/  5/low RTT: 3264
/  5/low RTT: 4614
/  5/low RTT: 3242
/  5/low RTT: 4606
/  5/low RTT: 3258
/  5/low RTT: 3250
/  5/low RTT: 4506
/  5/low RTT: 3260
/  5/low RTT: 4622
/  5/low RTT: 3278
/  5/low RTT: 4598
/  5/low RTT: 3276
/  5/low RTT: 4616
/  5/low RTT: 3262
/  5/low RTT: 4628
/  5/low RTT: 3256
/  5/low RTT: 4618
/  5/low RTT: 3242
/  5/low RTT: 3256
/  5/low RTT: 4532
/  5/low RTT: 3258
/  5/low RTT: 4592
/  5/low RTT: 3238
/  5/low RTT: 3260
/  5/low RTT: 3472
/  5/low RTT: 3278
/  5/low RTT: 4510
/  5/low RTT: 3278
/  5/low RTT: 3488
/  5/low RTT: 3256
/  5/low RTT: 3476
/  5/low RTT: 3258
/  5/low RTT: 4612
/  5/low RTT: 3286
/  5/low RTT: 3272
/  5/low RTT: 3472
/  5/low RTT: 3286
/  5/low RTT: 4624
/  5/low RTT: 3260
/  5/low RTT: 3258
/  5/low RTT: 3478
/  5/low RTT: 3292
/  5/low RTT: 4554
/  5/low RTT: 3294
/  5/low RTT: 4522
/  5/low RTT: 3272
/  5/low RTT: 4534
/  5/low RTT: 3244
/  5/low RTT: 3492
/  5/low RTT: 3280
/  5/low RTT: 4528
/  5/low RTT: 3252
/  5/low RTT: 3280
/  5/low RTT: 3510
/  5/low RTT: 3254
/  5/low RTT: 3494
/  5/low RTT: 3270
/  5/low RTT: 4614
/  5/low RTT: 3268
/  5/low RTT: 3258
/  5/low RTT: 3464
/  5/low RTT: 3256
/  5/low RTT: 3474
/  5/low RTT: 3270
/  5/low RTT: 4526
/  5/low RTT: 3280
/  5/low RTT: 4510
/  5/low RTT: 4430
/  5/low RTT: 4620
/  5/low RTT: 3280
/  5/low RTT: 3248
/  5/low RTT: 4520
/  5/low RTT: 3260
/  5/low RTT: 3490
/  5/low RTT: 3260
/  5/low RTT: 3490
/  5/low RTT: 3234
/  5/low RTT: 4626
/  5/low RTT: 3250
/  5/low RTT: 4634
/  5/low RTT: 3286
/  5/low RTT: 3240
/  5/low RTT: 3502
/  5/low RTT: 3254
/  5/low RTT: 4518
/  5/low RTT: 3254
/  5/low RTT: 4680
/  5/low RTT: 3256
/  5/low RTT: 3250
/  5/low RTT: 4518
/  5/low RTT: 3282
/  5/low RTT: 4532
/  5/low RTT: 3252
/  5/low RTT: 3490
/  5/low RTT: 3278
/  5/low RTT: 3500
/  5/low RTT: 3288
/  5/low RTT: 4534
/  5/low RTT: 3280
/  5/low RTT: 3254
/  5/low RTT: 3476
/  5/low RTT: 3244
/  5/low RTT: 4496
/  5/low RTT: 3258
/  5/low RTT: 4612
/  5/low RTT: 3274
/  5/low RTT: 3248
/  5/low RTT: 3484
/  5/low RTT: 3248
/  5/low RTT: 4536
/  5/low RTT: 3246
/  5/low RTT: 3484
/  5/low RTT: 3280
/  5/low RTT: 3488
/  5/low RTT: 3292
/  5/low RTT: 4588
/  5/low RTT: 3288
/  5/low RTT: 3264
/  5/low RTT: 3500
/  5/low RTT: 3250
/  5/low RTT: 3476
/  5/low RTT: 3250
/  5/low RTT: 4604
/  5/low RTT: 3260
/  5/low RTT: 3260
/  5/low RTT: 3506
/  5/low RTT: 3266
/  5/low RTT: 3480
/  5/low RTT: 3264
/  5/low RTT: 4532
/  5/low RTT: 3258
/  5/low RTT: 4526
/  5/low RTT: 3246
/  5/low RTT: 3288
/  5/low RTT: 3462
/  5/low RTT: 3268
/  5/low RTT: 4518
/  5/low RTT: 3280
/  5/low RTT: 4634
/  5/low RTT: 3248
/  5/low RTT: 3482
/  5/low RTT: 3260
/  5/low RTT: 4608
/  5/low RTT: 3266
/  5/low RTT: 4614
/  5/low RTT: 3282
/  5/low RTT: 3256
/  5/low RTT: 3468
/  5/low RTT: 3280
/  5/low RTT: 4542
/  5/low RTT: 3254
/  5/low RTT: 4616
/  5/low RTT: 3278
/  5/low RTT: 3252
/  5/low RTT: 4546
/  5/low RTT: 3262
/  5/low RTT: 3506
/  5/low RTT: 3274
/  5/low RTT: 3468
/  5/low RTT: 3248
/  5/low RTT: 4516
/  5/low RTT: 3256
/  5/low RTT: 4506
/  5/low RTT: 3270
/  5/low RTT: 3282
/  5/low RTT: 3484
/  5/low RTT: 3252
/  5/low RTT: 4536
/  5/low RTT: 3256
/  5/low RTT: 4552
/  5/low RTT: 3274
/  5/low RTT: 4604
/  5/low RTT: 3272
/  5/low RTT: 4608
/  5/low RTT: 3256
/  5/low RTT: 4640
/  5/low RTT: 3272
/  5/low RTT: 4618
/  5/low RTT: 3276
/  5/low RTT: 3252
/  5/low RTT: 4500
/  5/low RTT: 3252
/  5/low RTT: 4528
/  5/low RTT: 3262
/  5/low RTT: 4590
/  5/low RTT: 3272
/  5/low RTT: 4602
/  5/low RTT: 3254
/  5/low RTT: 4622
/  5/low RTT: 3270
/  5/low RTT: 3934
/  5/low RTT: 3254
/  5/low RTT: 3442
/  5/low RTT: 4542
/  5/low RTT: 3286
/  5/low RTT: 4528
/  5/low RTT: 3298
/  5/low RTT: 4406
/  5/low RTT: 3468
/  5/low RTT: 3256
/  5/low RTT: 3482
/  5/low RTT: 3260
/  5/low RTT: 3492
/  5/low RTT: 3272
/  5/low RTT: 3500
/  5/low RTT: 3272
/  5/low RTT: 4520
/  5/low RTT: 3268
/  5/low RTT: 4614
/  5/low RTT: 3260
/  5/low RTT: 3286
/  5/low RTT: 3492
/  5/low RTT: 3258
/  5/low RTT: 4546
/  5/low RTT: 3276
/  5/low RTT: 4602
/  5/low RTT: 3260
/  5/low RTT: 4626
/  5/low RTT: 3276
/  5/low RTT: 4626
/  5/low RTT: 3268
/  5/low RTT: 4618
/  5/low RTT: 3268
/  5/low RTT: 3294
/  5/low RTT: 4518
/  5/low RTT: 3264
/  5/low RTT: 4500
/  5/low RTT: 3258
/  5/low RTT: 4442
/  5/low RTT: 3494
/  5/low RTT: 4700
/  5/low RTT: 3252
/  5/low RTT: 3252
/  5/low RTT: 3466
/  5/low RTT: 3254
/  5/low RTT: 4516
/  5/low RTT: 3272
/  5/low RTT: 4514
/  5/low RTT: 3268
/  5/low RTT: 4546
/  5/low RTT: 3252
/  5/low RTT: 3266
/  5/low RTT: 3484
/  5/low RTT: 3274
/  5/low RTT: 4512
/  5/low RTT: 3260
/  5/low RTT: 4616
/  5/low RTT: 3258
/  5/low RTT: 4404
/  5/low RTT: 3486
/  5/low RTT: 4628
/  5/low RTT: 3250
/  5/low RTT: 4624
/  5/low RTT: 3280
/  5/low RTT: 4434
/  5/low RTT: 3486
/  5/low RTT: 3266
/  5/low RTT: 4524
/  5/low RTT: 3270
/  5/low RTT: 4520
/  5/low RTT: 3258
/  5/low RTT: 4424
/  5/low RTT: 3486
/  5/low RTT: 3252
/  5/low RTT: 3502
/  5/low RTT: 3268
/  5/low RTT: 3600
/  5/low RTT: 3250
/  5/low RTT: 4500
/  5/low RTT: 3246
/  5/low RTT: 4528
/  5/low RTT: 4426
/  5/low RTT: 4508
/  5/low RTT: 3284
/  5/low RTT: 3288
/  5/low RTT: 4434
/  5/low RTT: 3508
/  5/low RTT: 3518
/  5/low RTT: 3258
/  5/low RTT: 3488
/  5/low RTT: 3258
/  5/low RTT: 4638
/  5/low RTT: 3244
/  5/low RTT: 4616
/  5/low RTT: 3254
/  5/low RTT: 4610
/  5/low RTT: 3274
/  5/low RTT: 3280
/  5/low RTT: 4516
/  5/low RTT: 3280
/  5/low RTT: 4536
/  5/low RTT: 3258
/  5/low RTT: 4622
/  5/low RTT: 3260
/  5/low RTT: 3274
/  5/low RTT: 3480
/  5/low RTT: 3262
/  5/low RTT: 3508
/  5/low RTT: 3252
/  5/low RTT: 3506
/  5/low RTT: 3270
/  5/low RTT: 4538
/  5/low RTT: 3256
/  5/low RTT: 4542
/  5/low RTT: 3250
/  5/low RTT: 3276
/  5/low RTT: 3498
/  5/low RTT: 3246
/  5/low RTT: 4512
/  5/low RTT: 3290
/  5/low RTT: 4524
/  5/low RTT: 3274
/  5/low RTT: 3476
/  5/low RTT: 3256
/  5/low RTT: 4630
/  5/low RTT: 3272
/  5/low RTT: 4602
/  5/low RTT: 3256
/  5/low RTT: 3258
/  5/low RTT: 3494
/  5/low RTT: 3250
/  5/low RTT: 4514
/  5/low RTT: 3276
/  5/low RTT: 4624
/  5/low RTT: 3276
/  5/low RTT: 3256
/  5/low RTT: 3472
/  5/low RTT: 3282
/  5/low RTT: 3462
/  5/low RTT: 3282
/  5/low RTT: 3482
/  5/low RTT: 3284
/  5/low RTT: 4538
/  5/low RTT: 3242
/  5/low RTT: 4622
/  5/low RTT: 3276
/  5/low RTT: 3264
/  5/low RTT: 3494
/  5/low RTT: 3256
/  5/low RTT: 4608
/  5/low RTT: 3236
/  5/low RTT: 4618
/  5/low RTT: 3272
/  5/low RTT: 3278
/  5/low RTT: 3466
/  5/low RTT: 3276
/  5/low RTT: 3472
/  5/low RTT: 3284
/  5/low RTT: 3470
/  5/low RTT: 3280
/  5/low RTT: 4610
/  5/low RTT: 3278
/  5/low RTT: 3250
/  5/low RTT: 4518
/  5/low RTT: 3256
/  5/low RTT: 3466
/  5/low RTT: 3274
/  5/low RTT: 3484
/  5/low RTT: 3250
/  5/low RTT: 4610
/  5/low RTT: 3242
/  5/low RTT: 4608
/  5/low RTT: 3272
/  5/low RTT: 4600
/  5/low RTT: 3274
/  5/low RTT: 3296
/  5/low RTT: 4498
/  5/low RTT: 3282
/  5/low RTT: 4508
/  5/low RTT: 3270
/  5/low RTT: 3248
/  5/low RTT: 3494
/  5/low RTT: 3262
/  5/low RTT: 4536
/  5/low RTT: 3276
/  5/low RTT: 3466
/  5/low RTT: 3282
/  5/low RTT: 3500
/  5/low RTT: 3256
/  5/low RTT: 4590
/  5/low RTT: 3278
/  5/low RTT: 3270
/  5/low RTT: 3478
/  5/low RTT: 3250
/  5/low RTT: 3466
/  5/low RTT: 3274
/  5/low RTT: 4586
/  5/low RTT: 3252
/  5/low RTT: 3266
/  5/low RTT: 3460
/  5/low RTT: 3242
/  5/low RTT: 3492
/  5/low RTT: 3240
/  5/low RTT: 4512
/  5/low RTT: 3258
/  5/low RTT: 3494
/  5/low RTT: 3262
/  5/low RTT: 4534
/  5/low RTT: 3260
/  5/low RTT: 4618
/  5/low RTT: 3246
/  5/low RTT: 3284
/  5/low RTT: 3470
/  5/low RTT: 3300
/  5/low RTT: 4578
/  5/low RTT: 3260
/  5/low RTT: 4640
/  5/low RTT: 3284
/  5/low RTT: 4602
/  5/low RTT: 3256
/  5/low RTT: 4622
/  5/low RTT: 3246
/  5/low RTT: 4598
/  5/low RTT: 3276
/  5/low RTT: 4602
/  5/low RTT: 3282
/  5/low RTT: 3270
/  5/low RTT: 4534
/  5/low RTT: 3274
/  5/low RTT: 4610
/  5/low RTT: 3252
/  5/low RTT: 4632
/  5/low RTT: 3254
/  5/low RTT: 3262
/  5/low RTT: 4414
/  5/low RTT: 3478
/  5/low RTT: 3474
/  5/low RTT: 3274
/  5/low RTT: 3492
/  5/low RTT: 3246
/  5/low RTT: 4504
/  5/low RTT: 3242
/  5/low RTT: 4518
/  5/low RTT: 3246
/  5/low RTT: 3270
/  5/low RTT: 3494
/  5/low RTT: 3254
/  5/low RTT: 4540
/  5/low RTT: 3272
/  5/low RTT: 4626
/  5/low RTT: 3240
/  5/low RTT: 4596
/  5/low RTT: 3236
/  5/low RTT: 3248
/  5/low RTT: 4522
/  5/low RTT: 3276
/  5/low RTT: 4604
/  5/low RTT: 3266
/  5/low RTT: 3260
/  5/low RTT: 3486
/  5/low RTT: 3252
/  5/low RTT: 4524
/  5/low RTT: 3254
/  5/low RTT: 3476
/  5/low RTT: 3256
/  5/low RTT: 3348
/  5/low RTT: 3098
/  5/low RTT: 3130
/  5/low RTT: 3488
/  5/low RTT: 3256
/  5/low RTT: 4514
/  5/low RTT: 3230
/  5/low RTT: 4598
/  5/low RTT: 3280
/  5/low RTT: 3248
/  5/low RTT: 4406
/  5/low RTT: 3460
/  5/low RTT: 3504
/  5/low RTT: 3248
/  5/low RTT: 3500
/  5/low RTT: 3242
/  5/low RTT: 4618
/  5/low RTT: 3268
/  5/low RTT: 4598
/  5/low RTT: 3268
/  5/low RTT: 3262
/  5/low RTT: 3634
/  5/low RTT: 3254
/  5/low RTT: 4618
/  5/low RTT: 3264
/  5/low RTT: 4616
/  5/low RTT: 3248
/  5/low RTT: 3244
/  5/low RTT: 3474
/  5/low RTT: 3266
/  5/low RTT: 3478
/  5/low RTT: 3274
/  5/low RTT: 3472
/  5/low RTT: 3242
/  5/low RTT: 4530
/  5/low RTT: 3256
/  5/low RTT: 4594
/  5/low RTT: 3260
/  5/low RTT: 3250
/  5/low RTT: 3462
/  5/low RTT: 3278
/  5/low RTT: 4520
/  5/low RTT: 3240
/  5/low RTT: 4530
/  5/low RTT: 3256
/  5/low RTT: 3510
/  5/low RTT: 3272
/  5/low RTT: 4542
/  5/low RTT: 3266
/  5/low RTT: 4586
/  5/low RTT: 3250
/  5/low RTT: 3262
/  5/low RTT: 3468
/  5/low RTT: 3234
/  5/low RTT: 4502
/  5/low RTT: 3258
/  5/low RTT: 4604
/  5/low RTT: 3284
/  5/low RTT: 4608
/  5/low RTT: 3268
/  5/low RTT: 4590
/  5/low RTT: 3260
/  5/low RTT: 4598
/  5/low RTT: 3282
/  5/low RTT: 3922
/  5/low RTT: 3254
/  5/low RTT: 3276
/  5/low RTT: 4508
/  5/low RTT: 3276
/  5/low RTT: 4626
/  5/low RTT: 3286
/  5/low RTT: 3266
/  5/low RTT: 3550
/  5/low RTT: 4454
/  5/low RTT: 3502
/  5/low RTT: 3266
/  5/low RTT: 3498
/  5/low RTT: 3274
/  5/low RTT: 3500
/  5/low RTT: 3272
/  5/low RTT: 4628
/  5/low RTT: 3266
/  5/low RTT: 3274
/  5/low RTT: 3466
/  5/low RTT: 3286
/  5/low RTT: 4530
/  5/low RTT: 3256
/  5/low RTT: 4612
/  5/low RTT: 3256
/  5/low RTT: 4624
/  5/low RTT: 3270
/  5/low RTT: 3252
/  5/low RTT: 3460
/  5/low RTT: 3266
/  5/low RTT: 3458
/  5/low RTT: 3254
/  5/low RTT: 3480
/  5/low RTT: 3282
/  5/low RTT: 3262
/  5/low RTT: 4512
/  5/low RTT: 3260
/  5/low RTT: 3486
/  5/low RTT: 3264
/  5/low RTT: 3488
/  5/low RTT: 3276
/  5/low RTT: 4600
/  5/low RTT: 3238
/  5/low RTT: 4602
/  5/low RTT: 3274
/  5/low RTT: 3982
/  5/low RTT: 3468
/  5/low RTT: 3266
/  5/low RTT: 4516
/  5/low RTT: 3280
/  5/low RTT: 4506
/  5/low RTT: 3282
/  5/low RTT: 4612
/  5/low RTT: 3276
/  5/low RTT: 3282
/  5/low RTT: 3460
/  5/low RTT: 3268
/  5/low RTT: 3492
/  5/low RTT: 3266
/  5/low RTT: 3468
/  5/low RTT: 3276
/  5/low RTT: 4520
/  5/low RTT: 3252
/  5/low RTT: 4608
/  5/low RTT: 3252
/  5/low RTT: 3268
/  5/low RTT: 3500
/  5/low RTT: 3286
/  5/low RTT: 4518
/  5/low RTT: 3252
/  5/low RTT: 4614
/  5/low RTT: 3242
/  5/low RTT: 3492
/  5/low RTT: 3258
/  5/low RTT: 4610
/  5/low RTT: 3252
/  5/low RTT: 3258
/  5/low RTT: 3490
/  5/low RTT: 3236
/  5/low RTT: 3480
/  5/low RTT: 3288
/  5/low RTT: 3262
/  5/low RTT: 3594
/  5/low RTT: 3244
/  5/low RTT: 3504
/  5/low RTT: 3264
/  5/low RTT: 4526
/  5/low RTT: 3250
/  5/low RTT: 4532
/  5/low RTT: 3278
/  5/low RTT: 3494
/  5/low RTT: 3254
/  5/low RTT: 4616
/  5/low RTT: 3256
/  5/low RTT: 3278
/  5/low RTT: 3502
/  5/low RTT: 3256
/  5/low RTT: 4454
/  5/low RTT: 3470
/  5/low RTT: 4786
/  5/low RTT: 3270
/  5/low RTT: 3256
/  5/low RTT: 3476
/  5/low RTT: 3234
/  5/low RTT: 4524
/  5/low RTT: 3244
/  5/low RTT: 4512
/  5/low RTT: 3258
/  5/low RTT: 3468
/  5/low RTT: 3246
/  5/low RTT: 4414
/  5/low RTT: 3484
/  5/low RTT: 3242
/  5/low RTT: 4532
/  5/low RTT: 3286
/  5/low RTT: 4516
/  5/low RTT: 3264
/  5/low RTT: 3466
/  5/low RTT: 3268
/  5/low RTT: 4578
/  5/low RTT: 3274
/  5/low RTT: 4610
/  5/low RTT: 3276
/  5/low RTT: 3486
/  5/low RTT: 3466
/  5/low RTT: 3240
/  5/low RTT: 4530
/  5/low RTT: 3234
/  5/low RTT: 4600
/  5/low RTT: 3254
/  5/low RTT: 3264
/  5/low RTT: 3464
/  5/low RTT: 3272
/  5/low RTT: 3488
/  5/low RTT: 3258
/  5/low RTT: 3594
/  5/low RTT: 3272
/  5/low RTT: 3474
/  5/low RTT: 3268
/  5/low RTT: 4518
/  5/low RTT: 3270
/  5/low RTT: 4628
/  5/low RTT: 3254
/  5/low RTT: 3276
/  5/low RTT: 3502
/  5/low RTT: 3244
/  5/low RTT: 4522
/  5/low RTT: 3244
/  5/low RTT: 4606
/  5/low RTT: 3274
/  5/low RTT: 4612
/  5/low RTT: 3276
/  5/low RTT: 4604
/  5/low RTT: 3270
/  5/low RTT: 4626
/  5/low RTT: 3256
/  5/low RTT: 3244
/  5/low RTT: 4502
/  5/low RTT: 3292
/  5/low RTT: 4420
/  5/low RTT: 3470
/  5/low RTT: 3464
/  5/low RTT: 3274
/  5/low RTT: 4592
/  5/low RTT: 3262
/  5/low RTT: 3282
/  5/low RTT: 4516
/  5/low RTT: 3280
/  5/low RTT: 3508
/  5/low RTT: 3256
/  5/low RTT: 3510
/  5/low RTT: 3288
/  5/low RTT: 4526
/  5/low RTT: 3270
/  5/low RTT: 4598
/  5/low RTT: 3246
/  5/low RTT: 3260
/  5/low RTT: 4534
/  5/low RTT: 3240
/  5/low RTT: 3500
/  5/low RTT: 3266
/  5/low RTT: 3480
/  5/low RTT: 3294
/  5/low RTT: 4588
/  5/low RTT: 3240
/  5/low RTT: 4594
/  5/low RTT: 3248
/  5/low RTT: 4620
/  5/low RTT: 3270
/  5/low RTT: 3278
/  5/low RTT: 4510
/  5/low RTT: 3252
/  5/low RTT: 4532
/  5/low RTT: 3274
/  5/low RTT: 3482
/  5/low RTT: 3286
/  5/low RTT: 4592
/  5/low RTT: 3256
/  5/low RTT: 4602
/  5/low RTT: 3286
/  5/low RTT: 4600
/  5/low RTT: 3270
/  5/low RTT: 3246
/  5/low RTT: 4538
/  5/low RTT: 3274
/  5/low RTT: 4622
/  5/low RTT: 3268
/  5/low RTT: 3256
/  5/low RTT: 3482
/  5/low RTT: 3266
/  5/low RTT: 3506
/  5/low RTT: 3250
/  5/low RTT: 3488
/  5/low RTT: 3270
/  5/low RTT: 4618
/  5/low RTT: 3258
/  5/low RTT: 4128
/  5/low RTT: 3274
/  5/low RTT: 3270
/  5/low RTT: 3770
/  5/low RTT: 3232
/  5/low RTT: 4574
/  5/low RTT: 3242
/  5/low RTT: 3272
/  5/low RTT: 4512
/  5/low RTT: 3248
/  5/low RTT: 4522
/  5/low RTT: 3250
/  5/low RTT: 4614
/  5/low RTT: 3258
/  5/low RTT: 3280
/  5/low RTT: 4436
/  5/low RTT: 3488
/  5/low RTT: 3468
/  5/low RTT: 3252
/  5/low RTT: 3498
/  5/low RTT: 3286
/  5/low RTT: 4532
/  5/low RTT: 3258
/  5/low RTT: 4540
/  5/low RTT: 3264
/  5/low RTT: 4602
/  5/low RTT: 3244
/  5/low RTT: 3252
/  5/low RTT: 4410
/  5/low RTT: 3488
/  5/low RTT: 3484
/  5/low RTT: 3276
/  5/low RTT: 3480
/  5/low RTT: 3264
/  5/low RTT: 4628
/  5/low RTT: 3272
/  5/low RTT: 4406
/  5/low RTT: 3494
/  5/low RTT: 3510
/  5/low RTT: 3246
/  5/low RTT: 3248
/  5/low RTT: 4520
/  5/low RTT: 3244
/  5/low RTT: 4540
/  5/low RTT: 3272
/  5/low RTT: 3504
/  5/low RTT: 3280
/  5/low RTT: 3258
/  5/low RTT: 3482
/  5/low RTT: 3272
/  5/low RTT: 3466
/  5/low RTT: 3266
/  5/low RTT: 4508
/  5/low RTT: 3266
/  5/low RTT: 4540
/  5/low RTT: 3278
/  5/low RTT: 4526
/  5/low RTT: 3268
/  5/low RTT: 3260
/  5/low RTT: 3488
/  5/low RTT: 3244
/  5/low RTT: 4518
/  5/low RTT: 3246
/  5/low RTT: 4610
/  5/low RTT: 3298
/  5/low RTT: 4604
/  5/low RTT: 3262
/  5/low RTT: 3262
/  5/low RTT: 3484
/  5/low RTT: 3290
/  5/low RTT: 3494
/  5/low RTT: 3246
/  5/low RTT: 4520
/  5/low RTT: 3250
/  5/low RTT: 4602
/  5/low RTT: 3240
/  5/low RTT: 3248
/  5/low RTT: 3502
/  5/low RTT: 3278
/  5/low RTT: 4528
/  5/low RTT: 3276
/  5/low RTT: 4490
/  5/low RTT: 3254
/  5/low RTT: 4440
/  5/low RTT: 3486
/  5/low RTT: 4616
/  5/low RTT: 3246
/  5/low RTT: 4590
/  5/low RTT: 3250
/  5/low RTT: 4606
/  5/low RTT: 3274
/  5/low RTT: 3262
/  5/low RTT: 4530
/  5/low RTT: 3262
/  5/low RTT: 4588
/  5/low RTT: 3242
/  5/low RTT: 4592
/  5/low RTT: 3252
/  5/low RTT: 3270
/  5/low RTT: 3498
/  5/low RTT: 3270
/  5/low RTT: 3508
/  5/low RTT: 3280
/  5/low RTT: 3474
/  5/low RTT: 3256
/  5/low RTT: 4518
/  5/low RTT: 3266
/  5/low RTT: 4598
/  5/low RTT: 3270
/  5/low RTT: 3242
/  5/low RTT: 3472
/  5/low RTT: 3272
/  5/low RTT: 4532
/  5/low RTT: 3250
/  5/low RTT: 3492
/  5/low RTT: 3252
/  5/low RTT: 4584
/  5/low RTT: 3268
/  5/low RTT: 4594
/  5/low RTT: 3268
/  5/low RTT: 4524
/  5/low RTT: 3286
/  5/low RTT: 3276
/  5/low RTT: 4522
/  5/low RTT: 3268
/  5/low RTT: 4534
/  5/low RTT: 3266
/  5/low RTT: 4622
/  5/low RTT: 3278
/  5/low RTT: 3252
/  5/low RTT: 4502
/  5/low RTT: 3274
/  5/low RTT: 3514
/  5/low RTT: 3282
/  5/low RTT: 3500
/  5/low RTT: 3274
/  5/low RTT: 4528
/  5/low RTT: 3266
/  5/low RTT: 4518
/  5/low RTT: 3256
/  5/low RTT: 4608
/  5/low RTT: 3264
/  5/low RTT: 3248
/  5/low RTT: 4532
/  5/low RTT: 3260
/  5/low RTT: 3488
/  5/low RTT: 3288
/  5/low RTT: 3476
/  5/low RTT: 3268
/  5/low RTT: 4532
/  5/low RTT: 3290
/  5/low RTT: 3466
/  5/low RTT: 3256
/  5/low RTT: 4618
/  5/low RTT: 3266
/  5/low RTT: 3250
/  5/low RTT: 4530
/  5/low RTT: 3250
/  5/low RTT: 4536
/  5/low RTT: 3248
/  5/low RTT: 3460
/  5/low RTT: 3256
/  5/low RTT: 3254
/  5/low RTT: 3488
/  5/low RTT: 3256
/  5/low RTT: 3496
/  5/low RTT: 3286
/  5/low RTT: 3504
/  5/low RTT: 3268
/  5/low RTT: 4508
/  5/low RTT: 3276
/  5/low RTT: 4596
/  5/low RTT: 3252
/  5/low RTT: 3256
/  5/low RTT: 3498
/  5/low RTT: 3294
/  5/low RTT: 4532
/  5/low RTT: 3270
/  5/low RTT: 3512
/  5/low RTT: 3258
/  5/low RTT: 4538
/  5/low RTT: 3272
/  5/low RTT: 4528
/  5/low RTT: 4412
/  5/low RTT: 4602
/  5/low RTT: 3248
/  5/low RTT: 3256
/  5/low RTT: 3504
/  5/low RTT: 3266
/  5/low RTT: 3494
/  5/low RTT: 3254
/  5/low RTT: 3490
/  5/low RTT: 3274
/  5/low RTT: 4620
/  5/low RTT: 3258
/  5/low RTT: 4592
/  5/low RTT: 3274
/  5/low RTT: 4600
/  5/low RTT: 3292
/  5/low RTT: 3274
/  5/low RTT: 4498
/  5/low RTT: 3276
/  5/low RTT: 4538
/  5/low RTT: 3246
/  5/low RTT: 4620
/  5/low RTT: 3268
/  5/low RTT: 3270
/  5/low RTT: 3472
/  5/low RTT: 3292
/  5/low RTT: 3490
/  5/low RTT: 3278
/  5/low RTT: 3494
/  5/low RTT: 3276
/  5/low RTT: 3488
/  5/low RTT: 3252
/  5/low RTT: 4434
/  5/low RTT: 3476
/  5/low RTT: 4420
/  5/low RTT: 3506
/  5/low RTT: 3270
/  5/low RTT: 4436
/  5/low RTT: 3474
/  5/low RTT: 3466
/  5/low RTT: 3284
/  5/low RTT: 3478
/  5/low RTT: 3280
/  5/low RTT: 4600
/  5/low RTT: 3242
/  5/low RTT: 4626
/  5/low RTT: 3280
/  5/low RTT: 3258
/  5/low RTT: 4534
/  5/low RTT: 3270
/  5/low RTT: 4504
/  5/low RTT: 3254
/  5/low RTT: 4600
/  5/low RTT: 3278
/  5/low RTT: 4662
/  5/low RTT: 3462
/  5/low RTT: 3252
/  5/low RTT: 3602
/  5/low RTT: 3270
/  5/low RTT: 3496
/  5/low RTT: 3266
/  5/low RTT: 4546
/  5/low RTT: 4400
/  5/low RTT: 4506
/  5/low RTT: 3282
/  5/low RTT: 4622
/  5/low RTT: 3268
/  5/low RTT: 4604
/  5/low RTT: 3278
/  5/low RTT: 3270
/  5/low RTT: 3476
/  5/low RTT: 3260
/  5/low RTT: 3470
/  5/low RTT: 3264
/  5/low RTT: 4512
/  5/low RTT: 3256
/  5/low RTT: 4506
/  5/low RTT: 3260
/  5/low RTT: 3246
/  5/low RTT: 3472
/  5/low RTT: 3262
/  5/low RTT: 4510
/  5/low RTT: 3280
/  5/low RTT: 4602
/  5/low RTT: 3252
/  5/low RTT: 4598
/  5/low RTT: 3282
/  5/low RTT: 4596
/  5/low RTT: 3282
/  5/low RTT: 4630
/  5/low RTT: 3264
/  5/low RTT: 3494
/  5/low RTT: 3262
/  5/low RTT: 3282
/  5/low RTT: 4536
/  5/low RTT: 3266
/  5/low RTT: 4534
/  5/low RTT: 3274
/  5/low RTT: 4398
/  5/low RTT: 3498
/  5/low RTT: 3256
/  5/low RTT: 3468
/  5/low RTT: 3272
/  5/low RTT: 3486
/  5/low RTT: 3242
/  5/low RTT: 3504
/  5/low RTT: 3246
/  5/low RTT: 4510
/  5/low RTT: 3266
/  5/low RTT: 4446
/  5/low RTT: 3464
/  5/low RTT: 3274
/  5/low RTT: 4512
/  5/low RTT: 3256
/  5/low RTT: 4512
/  5/low RTT: 3248
/  5/low RTT: 3488
/  5/low RTT: 3272
/  5/low RTT: 4620
/  5/low RTT: 3298
/  5/low RTT: 4624
/  5/low RTT: 3256
/  5/low RTT: 4502
/  5/low RTT: 3288
/  5/low RTT: 3284
/  5/low RTT: 4520
/  5/low RTT: 3264
/  5/low RTT: 4500
/  5/low RTT: 3244
/  5/low RTT: 4616
/  5/low RTT: 3276
/  5/low RTT: 3260
/  5/low RTT: 3490
/  5/low RTT: 3280
/  5/low RTT: 3498
/  5/low RTT: 3256
/  5/low RTT: 3496
/  5/low RTT: 3288
/  5/low RTT: 4502
/  5/low RTT: 3276
/  5/low RTT: 3244
/  5/low RTT: 3504
/  5/low RTT: 3274
/  5/low RTT: 4502
/  5/low RTT: 3254
/  5/low RTT: 4626
/  5/low RTT: 3270
/  5/low RTT: 4098
/  5/low RTT: 3272
/  5/low RTT: 3254
/  5/low RTT: 3486
/  5/low RTT: 3272
/  5/low RTT: 3508
/  5/low RTT: 3242
/  5/low RTT: 4504
/  5/low RTT: 3240
/  5/low RTT: 4594
/  5/low RTT: 3252
/  5/low RTT: 3278
/  5/low RTT: 4542
/  5/low RTT: 3254
/  5/low RTT: 3510
/  5/low RTT: 3272
/  5/low RTT: 3472
/  5/low RTT: 3266
/  5/low RTT: 4596
/  5/low RTT: 3254
/  5/low RTT: 4604
/  5/low RTT: 3260
/  5/low RTT: 3252
/  5/low RTT: 3502
/  5/low RTT: 3294
/  5/low RTT: 4500
/  5/low RTT: 3260
/  5/low RTT: 4616
/  5/low RTT: 3260
/  5/low RTT: 3272
/  5/low RTT: 4548
/  5/low RTT: 4416
/  5/low RTT: 3488
/  5/low RTT: 3258
/  5/low RTT: 3472
/  5/low RTT: 3262
/  5/low RTT: 4522
/  5/low RTT: 3244
/  5/low RTT: 4520
/  5/low RTT: 3252
/  5/low RTT: 3266
/  5/low RTT: 3512
/  5/low RTT: 3270
/  5/low RTT: 4514
/  5/low RTT: 3292
/  5/low RTT: 4640
/  5/low RTT: 3280
/  5/low RTT: 4598
/  5/low RTT: 4414
/  5/low RTT: 4616
/  5/low RTT: 3264
/  5/low RTT: 4586
/  5/low RTT: 3256
/  5/low RTT: 4618
/  5/low RTT: 3238
/  5/low RTT: 3270
/  5/low RTT: 4508
/  5/low RTT: 3292
/  5/low RTT: 4544
/  5/low RTT: 3282
/  5/low RTT: 3498
/  5/low RTT: 3284
/  5/low RTT: 3284
/  5/low RTT: 3510
/  5/low RTT: 3246
/  5/low RTT: 3516
/  5/low RTT: 3272
/  5/low RTT: 3488
/  5/low RTT: 3274
/  5/low RTT: 4530
/  5/low RTT: 3266
/  5/low RTT: 4626
/  5/low RTT: 3236
/  5/low RTT: 3240
/  5/low RTT: 3462
/  5/low RTT: 3246
/  5/low RTT: 4508
/  5/low RTT: 3252
/  5/low RTT: 4632
/  5/low RTT: 3268
/  5/low RTT: 4100
/  5/low RTT: 3266
/  5/low RTT: 4596
/  5/low RTT: 3258
/  5/low RTT: 4600
/  5/low RTT: 3252
/  5/low RTT: 3264
/  5/low RTT: 3490
/  5/low RTT: 3244
/  5/low RTT: 4506
/  5/low RTT: 3260
/  5/low RTT: 4632
/  5/low RTT: 3266
/  5/low RTT: 3276
/  5/low RTT: 4516
/  5/low RTT: 3266
/  5/low RTT: 4520
/  5/low RTT: 3260
/  5/low RTT: 3498
/  5/low RTT: 3262
/  5/low RTT: 4544
/  5/low RTT: 3278
/  5/low RTT: 4590
/  5/low RTT: 3238
/  5/low RTT: 3250
/  5/low RTT: 3496
/  5/low RTT: 3254
/  5/low RTT: 4526
/  5/low RTT: 3262
/  5/low RTT: 4598
/  5/low RTT: 3244
/  5/low RTT: 4582
/  5/low RTT: 3276
/  5/low RTT: 4604
/  5/low RTT: 3272
/  5/low RTT: 4604
/  5/low RTT: 3268
/  5/low RTT: 3246
/  5/low RTT: 3496
/  5/low RTT: 3244
/  5/low RTT: 4614
/  5/low RTT: 3258
/  5/low RTT: 3242
/  5/low RTT: 3502
/  5/low RTT: 3252
/  5/low RTT: 3502
/  5/low RTT: 3258
/  5/low RTT: 4504
/  5/low RTT: 3286
/  5/low RTT: 4398
/  5/low RTT: 3502
/  5/low RTT: 3490
/  5/low RTT: 3270
/  5/low RTT: 4536
/  5/low RTT: 3274
/  5/low RTT: 4596
/  5/low RTT: 3274
/  5/low RTT: 3278
/  5/low RTT: 3460
/  5/low RTT: 3242
/  5/low RTT: 4600
/  5/low RTT: 3266
/  5/low RTT: 4626
/  5/low RTT: 3278
/  5/low RTT: 3278
/  5/low RTT: 3492
/  5/low RTT: 3276
/  5/low RTT: 3470
/  5/low RTT: 3242
/  5/low RTT: 4512
/  5/low RTT: 3286
/  5/low RTT: 3496
/  5/low RTT: 3276
/  5/low RTT: 3270
/  5/low RTT: 3476
/  5/low RTT: 3270
/  5/low RTT: 3474
/  5/low RTT: 3246
/  5/low RTT: 4596
/  5/low RTT: 3264
/  5/low RTT: 4604
/  5/low RTT: 3258
/  5/low RTT: 4604
/  5/low RTT: 3248
/  5/low RTT: 3276
/  5/low RTT: 4538
/  5/low RTT: 3268
/  5/low RTT: 4496
/  5/low RTT: 3270
/  5/low RTT: 3252
/  5/low RTT: 3502
/  5/low RTT: 3272
/  5/low RTT: 4546
/  5/low RTT: 3262
/  5/low RTT: 4538
/  5/low RTT: 3270
/  5/low RTT: 3494
/  5/low RTT: 3268
/  5/low RTT: 4616
/  5/low RTT: 3244
/  5/low RTT: 4604
/  5/low RTT: 3254
/  5/low RTT: 4722
/  5/low RTT: 3282
/  5/low RTT: 3278
/  5/low RTT: 4514
/  5/low RTT: 3238
/  5/low RTT: 4440
/  5/low RTT: 3508
/  5/low RTT: 3480
/  5/low RTT: 3280
/  5/low RTT: 4600
/  5/low RTT: 3272
/  5/low RTT: 4608
/  5/low RTT: 3258
/  5/low RTT: 3636
/  5/low RTT: 3494
/  5/low RTT: 3250
/  5/low RTT: 4528
/  5/low RTT: 3260
/  5/low RTT: 4504
/  5/low RTT: 3260
/  5/low RTT: 3466
/  5/low RTT: 3264
/  5/low RTT: 3280
/  5/low RTT: 3494
/  5/low RTT: 3276
/  5/low RTT: 3504
/  5/low RTT: 3278
/  5/low RTT: 4500
/  5/low RTT: 4436
/  5/low RTT: 4540
/  5/low RTT: 3260
/  5/low RTT: 4610
/  5/low RTT: 3256
/  5/low RTT: 3258
/  5/low RTT: 4538
/  5/low RTT: 3240
/  5/low RTT: 4510
/  5/low RTT: 3246
/  5/low RTT: 4604
/  5/low RTT: 3266
/  5/low RTT: 3264
/  5/low RTT: 3462
/  5/low RTT: 3264
/  5/low RTT: 3500
/  5/low RTT: 3260
/  5/low RTT: 3502
/  5/low RTT: 3250
/  5/low RTT: 4538
/  5/low RTT: 3244
/  5/low RTT: 4596
/  5/low RTT: 3278
/  5/low RTT: 3264
/  5/low RTT: 3464
/  5/low RTT: 3268
/  5/low RTT: 4528
/  5/low RTT: 3256
/  5/low RTT: 4592
/  5/low RTT: 3268
/  5/low RTT: 3490
/  5/low RTT: 3278
/  5/low RTT: 4590
/  5/low RTT: 3256
/  5/low RTT: 4610
/  5/low RTT: 3258
/  5/low RTT: 3276
/  5/low RTT: 3492
/  5/low RTT: 3278
/  5/low RTT: 4510
/  5/low RTT: 3232
/  5/low RTT: 4586
/  5/low RTT: 3264
/  5/low RTT: 3278
/  5/low RTT: 3486
/  5/low RTT: 3244
/  5/low RTT: 3486
/  5/low RTT: 3256
/  5/low RTT: 3458
/  5/low RTT: 3274
/  5/low RTT: 3468
/  5/low RTT: 3246
/  5/low RTT: 4516
/  5/low RTT: 3252
/  5/low RTT: 4630
/  5/low RTT: 3286
/  5/low RTT: 3258
/  5/low RTT: 3528
/  5/low RTT: 3272
/  5/low RTT: 4520
/  5/low RTT: 3262
/  5/low RTT: 3468
/  5/low RTT: 3262
/  5/low RTT: 4610
/  5/low RTT: 3250
/  5/low RTT: 4618
/  5/low RTT: 3242
/  5/low RTT: 4624
/  5/low RTT: 3260
/  5/low RTT: 3246
/  5/low RTT: 4516
/  5/low RTT: 3268
/  5/low RTT: 4510
/  5/low RTT: 3238
/  5/low RTT: 4590
/  5/low RTT: 3270
/  5/low RTT: 4618
/  5/low RTT: 3264
/  5/low RTT: 3236
/  5/low RTT: 3484
/  5/low RTT: 3268
/  5/low RTT: 3468
/  5/low RTT: 3236
/  5/low RTT: 4524
/  5/low RTT: 3250
/  5/low RTT: 4526
/  5/low RTT: 3268
/  5/low RTT: 4602
/  5/low RTT: 3260
/  5/low RTT: 3266
/  5/low RTT: 4544
/  5/low RTT: 3264
/  5/low RTT: 3482
/  5/low RTT: 3268
/  5/low RTT: 3502
/  5/low RTT: 3248
/  5/low RTT: 4600
/  5/low RTT: 3244
/  5/low RTT: 4624
/  5/low RTT: 3278
/  5/low RTT: 3866
/  5/low RTT: 3498
/  5/low RTT: 3246
/  5/low RTT: 4528
/  5/low RTT: 3274
/  5/low RTT: 4524
/  5/low RTT: 3262
/  5/low RTT: 3472
/  5/low RTT: 3266
/  5/low RTT: 3246
/  5/low RTT: 3472
/  5/low RTT: 3270
/  5/low RTT: 3472
/  5/low RTT: 3294
/  5/low RTT: 4502
/  5/low RTT: 3264
/  5/low RTT: 4502
/  5/low RTT: 3274
/  5/low RTT: 4620
/  5/low RTT: 3262
/  5/low RTT: 3254
/  5/low RTT: 3484
/  5/low RTT: 3274
/  5/low RTT: 4498
/  5/low RTT: 3240
/  5/low RTT: 4622
/  5/low RTT: 3250
/  5/low RTT: 4598
/  5/low RTT: 3254
/  5/low RTT: 4624
/  5/low RTT: 3274
/  5/low RTT: 4604
/  5/low RTT: 3240
/  5/low RTT: 3244
/  5/low RTT: 4518
/  5/low RTT: 3272
/  5/low RTT: 4574
/  5/low RTT: 3286
/  5/low RTT: 3276
/  5/low RTT: 3484
/  5/low RTT: 3248
/  5/low RTT: 4530
/  5/low RTT: 3256
/  5/low RTT: 3458
/  5/low RTT: 3248
/  5/low RTT: 3502
/  5/low RTT: 3240
/  5/low RTT: 4540
/  5/low RTT: 3272
/  5/low RTT: 2128
/  5/low RTT: 3428
/  5/low RTT: 3128
/  5/low RTT: 4290
/  5/low RTT: 3354
/  5/low RTT: 3144
/  5/low RTT: 3466
/  5/low RTT: 3138
/  5/low RTT: 3468
/  5/low RTT: 3226
/  5/low RTT: 3274
/  5/low RTT: 4504
/  5/low RTT: 3250
/  5/low RTT: 4410
/  5/low RTT: 3480
/  5/low RTT: 3502
/  5/low RTT: 3272
/  5/low RTT: 3922
/  5/low RTT: 3282
/  5/low RTT: 3248
/  5/low RTT: 3502
/  5/low RTT: 3270
/  5/low RTT: 3466
/  5/low RTT: 3254
/  5/low RTT: 4536
/  5/low RTT: 3250
/  5/low RTT: 4622
/  5/low RTT: 3254
/  5/low RTT: 3252
/  5/low RTT: 3474
/  5/low RTT: 3242
/  5/low RTT: 4506
/  5/low RTT: 3256
/  5/low RTT: 4518
/  5/low RTT: 3242
/  5/low RTT: 3502
/  5/low RTT: 3264
/  5/low RTT: 4626
/  5/low RTT: 3278
/  5/low RTT: 4406
/  5/low RTT: 3490
/  5/low RTT: 4738
/  5/low RTT: 3258
/  5/low RTT: 3264
/  5/low RTT: 4514
/  5/low RTT: 3262
/  5/low RTT: 3506
/  5/low RTT: 3246
/  5/low RTT: 4596
/  5/low RTT: 3246
/  5/low RTT: 3276
/  5/low RTT: 3496
/  5/low RTT: 3270
/  5/low RTT: 3498
/  5/low RTT: 3270
/  5/low RTT: 4548
/  5/low RTT: 3278
/  5/low RTT: 4494
/  5/low RTT: 3270
/  5/low RTT: 4624
/  5/low RTT: 3264
/  5/low RTT: 3232
/  5/low RTT: 4520
/  5/low RTT: 3256
/  5/low RTT: 4500
/  5/low RTT: 3274
/  5/low RTT: 3466
/  5/low RTT: 3242
/  5/low RTT: 4628
/  5/low RTT: 3266
/  5/low RTT: 4592
/  5/low RTT: 3274
/  5/low RTT: 4622
/  5/low RTT: 3268
/  5/low RTT: 3262
/  5/low RTT: 4532
/  5/low RTT: 3282
/  5/low RTT: 4510
/  5/low RTT: 3268
/  5/low RTT: 4604
/  5/low RTT: 3266
/  5/low RTT: 3250
/  5/low RTT: 3496
/  5/low RTT: 3254
/  5/low RTT: 3494
/  5/low RTT: 3264
/  5/low RTT: 3504
/  5/low RTT: 3282
/  5/low RTT: 4492
/  5/low RTT: 3266
/  5/low RTT: 4552
/  5/low RTT: 3266
/  5/low RTT: 3268
/  5/low RTT: 3482
/  5/low RTT: 3260
/  5/low RTT: 4500
/  5/low RTT: 3250
/  5/low RTT: 4400
/  5/low RTT: 3472
/  5/low RTT: 3500
/  5/low RTT: 3284
/  5/low RTT: 4500
/  5/low RTT: 3274
/  5/low RTT: 4578
/  5/low RTT: 3270
/  5/low RTT: 3250
/  5/low RTT: 3488
/  5/low RTT: 3256
/  5/low RTT: 4502
/  5/low RTT: 3248
/  5/low RTT: 4606
/  5/low RTT: 3264
/  5/low RTT: 3270
/  5/low RTT: 3498
/  5/low RTT: 3282
/  5/low RTT: 3494
/  5/low RTT: 4588
/  5/low RTT: 3252
/  5/low RTT: 3266
/  5/low RTT: 4516
/  5/low RTT: 3252
/  5/low RTT: 4530
/  5/low RTT: 3270
/  5/low RTT: 4600
/  5/low RTT: 3258
/  5/low RTT: 3250
/  5/low RTT: 4510
/  5/low RTT: 3286
/  5/low RTT: 3508
/  5/low RTT: 3274
/  5/low RTT: 3484
/  5/low RTT: 3248
/  5/low RTT: 4542
/  5/low RTT: 3272
/  5/low RTT: 4532
/  5/low RTT: 3264
/  5/low RTT: 3262
/  5/low RTT: 3494
/  5/low RTT: 3290
/  5/low RTT: 4548
/  5/low RTT: 3268
/  5/low RTT: 4602
/  5/low RTT: 3258
/  5/low RTT: 4610
/  5/low RTT: 3268
/  5/low RTT: 4608
/  5/low RTT: 3242
/  5/low RTT: 4590
/  5/low RTT: 3262
/  5/low RTT: 4446
/  5/low RTT: 3456
/  5/low RTT: 3284
/  5/low RTT: 4532
/  5/low RTT: 3236
/  5/low RTT: 4620
/  5/low RTT: 3272
/  5/low RTT: 3266
/  5/low RTT: 3484
/  5/low RTT: 4604
/  5/low RTT: 3274
/  5/low RTT: 4590
/  5/low RTT: 3266
/  5/low RTT: 4610
/  5/low RTT: 3266
/  5/low RTT: 4580
/  5/low RTT: 3272
/  5/low RTT: 3270
/  5/low RTT: 3458
/  5/low RTT: 3248
/  5/low RTT: 3474
/  5/low RTT: 3242
/  5/low RTT: 3258
/  5/low RTT: 3486
/  5/low RTT: 3264
/  5/low RTT: 3504
/  5/low RTT: 3288
/  5/low RTT: 4536
/  5/low RTT: 3284
/  5/low RTT: 4538
/  5/low RTT: 3252
/  5/low RTT: 4616
/  5/low RTT: 3248
/  5/low RTT: 3264
/  5/low RTT: 4538
/  5/low RTT: 3252
/  5/low RTT: 4512
/  5/low RTT: 3282
/  5/low RTT: 3498
/  5/low RTT: 3264
/  5/low RTT: 4622
/  5/low RTT: 3258
/  5/low RTT: 4610
/  5/low RTT: 3246
/  5/low RTT: 4610
/  5/low RTT: 3254
/  5/low RTT: 3244
/  5/low RTT: 4520
/  5/low RTT: 3258
/  5/low RTT: 4510
/  5/low RTT: 3264
/  5/low RTT: 3500
^CInfo: Finished waiting on DOCA PCC
[?2004h]0;zdp@localhost: /tmp/build/pcc[01;32mzdp@localhost[00m:[01;34m/tmp/build/pcc[00m$ ./doca_pcc -d mlx5_0exit[K
[?2004lexit

Script done on 2024-11-21 13:29:42+08:00 [COMMAND_EXIT_CODE="0"]
